#
# A fatal error has been detected by the Java Runtime Environment:
#
#  SIGSEGV (0xb) at pc=0x00000001022232b0, pid=14493, tid=17155
#
# JRE version: Java(TM) SE Runtime Environment (8.0_25-b17) (build 1.8.0_25-b17)
# Java VM: Java HotSpot(TM) 64-Bit Server VM (25.25-b02 mixed mode bsd-amd64 compressed oops)
# Problematic frame:
# V  [libjvm.dylib+0x4232b0]  Method::checked_resolve_jmethod_id(_jmethodID*)+0xe
#
# Failed to write core dump. Core dumps have been disabled. To enable core dumping, try "ulimit -c unlimited" before starting Java again
#
# If you would like to submit a bug report, please visit:
#   http://bugreport.sun.com/bugreport/crash.jsp
#

---------------  T H R E A D  ---------------

Current thread (0x00007f9c03034000):  JavaThread "JDWP Transport Listener: dt_socket" daemon [_thread_in_vm, id=17155, stack(0x0000700000b3b000,0x0000700000c3b000)]

siginfo: si_signo: 11 (SIGSEGV), si_code: 1 (SEGV_MAPERR), si_addr: 0x0000000000000003

Registers:
RAX=0x0000000000000001, RBX=0x0000700000c3aa8b, RCX=0x00000001025d6c80, RDX=0x0000700000c3aa8b
RSP=0x0000700000c3a9d0, RBP=0x0000700000c3a9e0, RSI=0x00007f9c03034000, RDI=0x0000000000000003
R8 =0x0000000000000000, R9 =0x00007f9c01f46dd0, R10=0x00000000d293a341, R11=0x00007f9c01f00000
R12=0x00007f9c03034000, R13=0x0000000000000003, R14=0x0000000000000003, R15=0x00007f9c01e01960
RIP=0x00000001022232b0, EFLAGS=0x0000000000010206, ERR=0x0000000000000004
  TRAPNO=0x000000000000000e

Top of Stack: (sp=0x0000700000c3a9d0)
0x0000700000c3a9d0:   0000700000c3aa8b 0000700000c3aa8b
0x0000700000c3a9e0:   0000700000c3aa40 000000010213526e
0x0000700000c3a9f0:   00007f9c03034000 0000000000000000
0x0000700000c3aa00:   0000000000000000 0000000000000000
0x0000700000c3aa10:   00007f9c03034000 00007f9c03034000
0x0000700000c3aa20:   0000700000c3aa8b 0000700000c3aa90
0x0000700000c3aa30:   0000000000000003 0000000000000004
0x0000700000c3aa40:   0000700000c3aa60 00000001014697dc
0x0000700000c3aa50:   0000000000000001 0000700000c3ab08
0x0000700000c3aa60:   0000700000c3aad0 000000010144e263
0x0000700000c3aa70:   0000700000c3aaa0 00007f9c01f19640
0x0000700000c3aa80:   0000000500000032 0000000a00c3ab08
0x0000700000c3aa90:   0000000000000000 0000000000000000
0x0000700000c3aaa0:   0000000000000000 0000700000c3ac90
0x0000700000c3aab0:   0000000101470eca 00007f9c01f50880
0x0000700000c3aac0:   0000700000c3ab08 000000010147c588
0x0000700000c3aad0:   0000700000c3aae0 000000010144e35c
0x0000700000c3aae0:   0000700000c3ad00 00000001014578f6
0x0000700000c3aaf0:   0000685b00000013 00000000000f0200
0x0000700000c3ab00:   00007f9c01f4b970 0000700000c3ac58
0x0000700000c3ab10:   00007f9c0000002c 0000700000c3ab20
0x0000700000c3ab20:   00007f9c00000100 0000700000c3ab58
0x0000700000c3ab30:   0000000000000000 0000000000000000
0x0000700000c3ab40:   0000685b0000010b 0000000000000080
0x0000700000c3ab50:   0000700000c3ab58 9c7f000005000000
0x0000700000c3ab60:   0b000000d8cbf101 6f7779654b746567
0x0000700000c3ab70:   2826000000736472 616c2f6176616a4c
0x0000700000c3ab80:   6e697274532f676e 6176616a4c293b67
0x0000700000c3ab90:   74532f676e616c2f 0000003b676e6972
0x0000700000c3aba0:   7f00000900000000 000000c8cbf1019c
0x0000700000c3abb0:   0000006e69616d04 6176616a4c5b2816
0x0000700000c3abc0:   74532f676e616c2f 0056293b676e6972 

Instructions: (pc=0x00000001022232b0)
0x0000000102223290:   40 48 48 85 c0 75 e0 30 c0 0f b6 c0 5d c3 31 c0
0x00000001022232a0:   5d c3 55 48 89 e5 53 48 83 ec 08 48 85 ff 74 24
0x00000001022232b0:   48 8b 1f 48 85 db 74 1c 48 83 fb 37 74 16 48 8b
0x00000001022232c0:   03 48 89 df ff 50 10 84 c0 b8 00 00 00 00 48 0f 

Register to memory mapping:

RAX=0x0000000000000001 is an unknown value
RBX=0x0000700000c3aa8b is pointing into the stack for thread: 0x00007f9c03034000
RCX=0x00000001025d6c80: UseMembar+0 in /Library/Java/JavaVirtualMachines/jdk1.8.0_25.jdk/Contents/Home/jre/lib/server/libjvm.dylib at 0x0000000101e00000
RDX=0x0000700000c3aa8b is pointing into the stack for thread: 0x00007f9c03034000
RSP=0x0000700000c3a9d0 is pointing into the stack for thread: 0x00007f9c03034000
RBP=0x0000700000c3a9e0 is pointing into the stack for thread: 0x00007f9c03034000
RSI=0x00007f9c03034000 is a thread
RDI=0x0000000000000003 is an unknown value
R8 =0x0000000000000000 is an unknown value
R9 =0x00007f9c01f46dd0 is an unknown value
R10=0x00000000d293a341 is an unknown value
R11=0x00007f9c01f00000 is an unknown value
R12=0x00007f9c03034000 is a thread
R13=0x0000000000000003 is an unknown value
R14=0x0000000000000003 is an unknown value
R15=0x00007f9c01e01960 is an unknown value


Stack: [0x0000700000b3b000,0x0000700000c3b000],  sp=0x0000700000c3a9d0,  free space=1022k
Native frames: (J=compiled Java code, j=interpreted, Vv=VM code, C=native code)
V  [libjvm.dylib+0x4232b0]  Method::checked_resolve_jmethod_id(_jmethodID*)+0xe
V  [libjvm.dylib+0x33526e]  jvmti_IsMethodSynthetic+0xb2
C  [libjdwp.dylib+0x207dc]  isMethodSynthetic+0x63
C  [libjdwp.dylib+0x5263]  methods1+0x10b
C  [libjdwp.dylib+0x535c]  methodsWithGeneric+0xe
C  [libjdwp.dylib+0xe8f6]  debugLoop_run+0x1ce
C  [libjdwp.dylib+0x1f716]  attachThread+0x4d
V  [libjvm.dylib+0x3762ce]  JvmtiAgentThread::call_start_function()+0x38
V  [libjvm.dylib+0x535ed9]  JavaThread::thread_main_inner()+0x9b
V  [libjvm.dylib+0x53761c]  JavaThread::run()+0x1c2
V  [libjvm.dylib+0x45d87e]  java_start(Thread*)+0xf6
C  [libsystem_pthread.dylib+0x399d]  _pthread_body+0x83
C  [libsystem_pthread.dylib+0x391a]  _pthread_body+0x0
C  [libsystem_pthread.dylib+0x1351]  thread_start+0xd
C  0x0000000000000000


---------------  P R O C E S S  ---------------

Java Threads: ( => current thread )
  0x00007f9c03037000 JavaThread "Service Thread" daemon [_thread_blocked, id=20227, stack(0x000070000114d000,0x000070000124d000)]
  0x00007f9c0200f000 JavaThread "C1 CompilerThread2" daemon [_thread_blocked, id=19715, stack(0x000070000104a000,0x000070000114a000)]
  0x00007f9c0200a800 JavaThread "C2 CompilerThread1" daemon [_thread_blocked, id=19203, stack(0x0000700000f47000,0x0000700001047000)]
  0x00007f9c02858800 JavaThread "C2 CompilerThread0" daemon [_thread_blocked, id=18691, stack(0x0000700000e44000,0x0000700000f44000)]
  0x00007f9c0200e000 JavaThread "JDWP Command Reader" daemon [_thread_in_native, id=18179, stack(0x0000700000d41000,0x0000700000e41000)]
  0x00007f9c0284f800 JavaThread "JDWP Event Helper Thread" daemon [_thread_blocked, id=17667, stack(0x0000700000c3e000,0x0000700000d3e000)]
=>0x00007f9c03034000 JavaThread "JDWP Transport Listener: dt_socket" daemon [_thread_in_vm, id=17155, stack(0x0000700000b3b000,0x0000700000c3b000)]
  0x00007f9c03003000 JavaThread "Signal Dispatcher" daemon [_thread_blocked, id=12815, stack(0x0000700000a38000,0x0000700000b38000)]
  0x00007f9c0283d800 JavaThread "Finalizer" daemon [_thread_blocked, id=12291, stack(0x000070000082f000,0x000070000092f000)]
  0x00007f9c0283c800 JavaThread "Reference Handler" daemon [_thread_blocked, id=11779, stack(0x000070000072c000,0x000070000082c000)]
  0x00007f9c03800800 JavaThread "main" [_thread_blocked, id=5891, stack(0x000070000011a000,0x000070000021a000)]

Other Threads:
  0x00007f9c03823000 VMThread [stack: 0x0000700000629000,0x0000700000729000] [id=11267]
  0x00007f9c0200c800 WatcherThread [stack: 0x0000700001250000,0x0000700001350000] [id=20739]

VM state:not at safepoint (normal execution)

VM Mutex/Monitor currently owned by a thread: None

Heap:
 PSYoungGen      total 38400K, used 31450K [0x0000000795580000, 0x0000000798000000, 0x00000007c0000000)
  eden space 33280K, 79% used [0x0000000795580000,0x0000000796f3ab20,0x0000000797600000)
  from space 5120K, 99% used [0x0000000797600000,0x0000000797afbee8,0x0000000797b00000)
  to   space 5120K, 0% used [0x0000000797b00000,0x0000000797b00000,0x0000000798000000)
 ParOldGen       total 87552K, used 1459K [0x0000000740000000, 0x0000000745580000, 0x0000000795580000)
  object space 87552K, 1% used [0x0000000740000000,0x000000074016cfc0,0x0000000745580000)
 Metaspace       used 9310K, capacity 9514K, committed 9856K, reserved 1058816K
  class space    used 1008K, capacity 1061K, committed 1152K, reserved 1048576K

Card table byte_map: [0x00000001120dc000,0x00000001124dd000] byte_map_base: 0x000000010e6dc000

Marking Bits: (ParMarkBitMap*) 0x000000010269d390
 Begin Bits: [0x0000000112788000, 0x0000000114788000)
 End Bits:   [0x0000000114788000, 0x0000000116788000)

Polling page: 0x0000000101448000

CodeCache: size=245760Kb used=3404Kb max_used=3620Kb free=242355Kb
 bounds [0x0000000102d1c000, 0x00000001030ac000, 0x0000000111d1c000]
 total_blobs=1236 nmethods=911 adapters=248
 compilation: enabled

Compilation events (10 events):
Event: 80.455 Thread 0x00007f9c0200f000  981       3       java.util.LinkedHashMap$LinkedKeyIterator::next (8 bytes)
Event: 80.456 Thread 0x00007f9c0200f000 nmethod 981 0x0000000102e1b490 code [0x0000000102e1b600, 0x0000000102e1b8a8]
Event: 82.583 Thread 0x00007f9c0200a800  982       4       org.jsoup.nodes.Node::childNode (14 bytes)
Event: 82.586 Thread 0x00007f9c0200a800 nmethod 982 0x0000000102e330d0 code [0x0000000102e33240, 0x0000000102e33458]
Event: 85.287 Thread 0x00007f9c0200f000  983       1       org.jsoup.nodes.Document::outputSettings (5 bytes)
Event: 85.287 Thread 0x00007f9c0200f000 nmethod 983 0x0000000102e28550 code [0x0000000102e286a0, 0x0000000102e287b0]
Event: 85.764 Thread 0x00007f9c0200f000  984       3       java.util.LinkedHashMap::keySet (27 bytes)
Event: 85.765 Thread 0x00007f9c0200f000 nmethod 984 0x0000000102e66950 code [0x0000000102e66ae0, 0x0000000102e66e90]
Event: 85.765 Thread 0x00007f9c0200f000  985       3       java.util.LinkedHashMap$LinkedKeySet::iterator (12 bytes)
Event: 85.766 Thread 0x00007f9c0200f000 nmethod 985 0x0000000102e7a410 code [0x0000000102e7a580, 0x0000000102e7a8b0]

GC Heap History (2 events):
Event: 50.866 GC heap before
{Heap before GC invocations=1 (full 0):
 PSYoungGen      total 38400K, used 33280K [0x0000000795580000, 0x0000000798000000, 0x00000007c0000000)
  eden space 33280K, 100% used [0x0000000795580000,0x0000000797600000,0x0000000797600000)
  from space 5120K, 0% used [0x0000000797b00000,0x0000000797b00000,0x0000000798000000)
  to   space 5120K, 0% used [0x0000000797600000,0x0000000797600000,0x0000000797b00000)
 ParOldGen       total 87552K, used 0K [0x0000000740000000, 0x0000000745580000, 0x0000000795580000)
  object space 87552K, 0% used [0x0000000740000000,0x0000000740000000,0x0000000745580000)
 Metaspace       used 9072K, capacity 9194K, committed 9344K, reserved 1056768K
  class space    used 995K, capacity 1061K, committed 1152K, reserved 1048576K
Event: 50.897 GC heap after
Heap after GC invocations=1 (full 0):
 PSYoungGen      total 38400K, used 5103K [0x0000000795580000, 0x0000000798000000, 0x00000007c0000000)
  eden space 33280K, 0% used [0x0000000795580000,0x0000000795580000,0x0000000797600000)
  from space 5120K, 99% used [0x0000000797600000,0x0000000797afbee8,0x0000000797b00000)
  to   space 5120K, 0% used [0x0000000797b00000,0x0000000797b00000,0x0000000798000000)
 ParOldGen       total 87552K, used 1459K [0x0000000740000000, 0x0000000745580000, 0x0000000795580000)
  object space 87552K, 1% used [0x0000000740000000,0x000000074016cfc0,0x0000000745580000)
 Metaspace       used 9072K, capacity 9194K, committed 9344K, reserved 1056768K
  class space    used 995K, capacity 1061K, committed 1152K, reserved 1048576K
}

Deoptimization events (1 events):
Event: 1.719 Thread 0x00007f9c03800800 Uncommon trap: reason=class_check action=maybe_recompile pc=0x0000000102f7c9b4 method=java.util.HashMap.putVal(ILjava/lang/Object;Ljava/lang/Object;ZZ)Ljava/lang/Object; @ 203

Internal exceptions (10 events):
Event: 43.676 Thread 0x00007f9c03800800 Exception <a 'java/security/PrivilegedActionException'> (0x0000000796f79f18) thrown at [/HUDSON3/workspace/8-2-build-macosx-x86_64/jdk8u25/1514/hotspot/src/share/vm/prims/jvm.cpp, line 1312]
Event: 43.679 Thread 0x00007f9c03800800 Exception <a 'java/security/PrivilegedActionException'> (0x0000000796f817f0) thrown at [/HUDSON3/workspace/8-2-build-macosx-x86_64/jdk8u25/1514/hotspot/src/share/vm/prims/jvm.cpp, line 1312]
Event: 43.701 Thread 0x00007f9c03800800 Exception <a 'java/security/PrivilegedActionException'> (0x0000000796f9fb38) thrown at [/HUDSON3/workspace/8-2-build-macosx-x86_64/jdk8u25/1514/hotspot/src/share/vm/prims/jvm.cpp, line 1312]
Event: 43.750 Thread 0x00007f9c03800800 Exception <a 'java/security/PrivilegedActionException'> (0x0000000796fc4438) thrown at [/HUDSON3/workspace/8-2-build-macosx-x86_64/jdk8u25/1514/hotspot/src/share/vm/prims/jvm.cpp, line 1312]
Event: 45.802 Thread 0x00007f9c03800800 Exception <a 'java/security/PrivilegedActionException'> (0x0000000796ff6560) thrown at [/HUDSON3/workspace/8-2-build-macosx-x86_64/jdk8u25/1514/hotspot/src/share/vm/prims/jvm.cpp, line 1312]
Event: 45.808 Thread 0x00007f9c03800800 Exception <a 'java/security/PrivilegedActionException'> (0x0000000796ffb340) thrown at [/HUDSON3/workspace/8-2-build-macosx-x86_64/jdk8u25/1514/hotspot/src/share/vm/prims/jvm.cpp, line 1312]
Event: 45.815 Thread 0x00007f9c03800800 Exception <a 'java/security/PrivilegedActionException'> (0x00000007970010a8) thrown at [/HUDSON3/workspace/8-2-build-macosx-x86_64/jdk8u25/1514/hotspot/src/share/vm/prims/jvm.cpp, line 1312]
Event: 45.823 Thread 0x00007f9c03800800 Exception <a 'java/security/PrivilegedActionException'> (0x00000007970066b8) thrown at [/HUDSON3/workspace/8-2-build-macosx-x86_64/jdk8u25/1514/hotspot/src/share/vm/prims/jvm.cpp, line 1312]
Event: 47.696 Thread 0x00007f9c03800800 Exception <a 'java/security/PrivilegedActionException'> (0x00000007970dbd80) thrown at [/HUDSON3/workspace/8-2-build-macosx-x86_64/jdk8u25/1514/hotspot/src/share/vm/prims/jvm.cpp, line 1312]
Event: 47.700 Thread 0x00007f9c03800800 Exception <a 'java/security/PrivilegedActionException'> (0x00000007970e0310) thrown at [/HUDSON3/workspace/8-2-build-macosx-x86_64/jdk8u25/1514/hotspot/src/share/vm/prims/jvm.cpp, line 1312]

Events (10 events):
Event: 3590.757 Executing VM operation: ChangeBreakpoints
Event: 3590.758 Executing VM operation: ChangeBreakpoints done
Event: 3646.830 Executing VM operation: ChangeBreakpoints
Event: 3646.830 Executing VM operation: ChangeBreakpoints done
Event: 3868.246 Executing VM operation: RedefineClasses
Event: 3868.278 Executing VM operation: RedefineClasses done
Event: 3905.382 Executing VM operation: RedefineClasses
Event: 3905.398 Executing VM operation: RedefineClasses done
Event: 3967.586 Executing VM operation: RedefineClasses
Event: 3967.595 Executing VM operation: RedefineClasses done


Dynamic libraries:
0x0000000008262000 	/System/Library/Frameworks/Cocoa.framework/Versions/A/Cocoa
0x0000000008262000 	/System/Library/Frameworks/Security.framework/Versions/A/Security
0x0000000008262000 	/System/Library/Frameworks/ApplicationServices.framework/Versions/A/ApplicationServices
0x0000000008262000 	/usr/lib/libz.1.dylib
0x0000000008262000 	/usr/lib/libSystem.B.dylib
0x0000000008262000 	/usr/lib/libobjc.A.dylib
0x0000000008262000 	/System/Library/Frameworks/CoreFoundation.framework/Versions/A/CoreFoundation
0x0000000008262000 	/System/Library/Frameworks/Foundation.framework/Versions/C/Foundation
0x0000000008262000 	/System/Library/Frameworks/AppKit.framework/Versions/C/AppKit
0x0000000008262000 	/System/Library/Frameworks/CoreData.framework/Versions/A/CoreData
0x0000000008262000 	/System/Library/PrivateFrameworks/RemoteViewServices.framework/Versions/A/RemoteViewServices
0x0000000008262000 	/System/Library/PrivateFrameworks/UIFoundation.framework/Versions/A/UIFoundation
0x0000000008262000 	/usr/lib/libScreenReader.dylib
0x0000000008262000 	/System/Library/Frameworks/Accelerate.framework/Versions/A/Accelerate
0x0000000008262000 	/System/Library/Frameworks/IOSurface.framework/Versions/A/IOSurface
0x0000000008262000 	/System/Library/Frameworks/AudioToolbox.framework/Versions/A/AudioToolbox
0x0000000008262000 	/System/Library/Frameworks/AudioUnit.framework/Versions/A/AudioUnit
0x0000000008262000 	/System/Library/PrivateFrameworks/DataDetectorsCore.framework/Versions/A/DataDetectorsCore
0x0000000008262000 	/System/Library/PrivateFrameworks/DesktopServicesPriv.framework/Versions/A/DesktopServicesPriv
0x0000000008262000 	/System/Library/Frameworks/Carbon.framework/Versions/A/Frameworks/HIToolbox.framework/Versions/A/HIToolbox
0x0000000008262000 	/System/Library/Frameworks/QuartzCore.framework/Versions/A/QuartzCore
0x0000000008262000 	/System/Library/Frameworks/Carbon.framework/Versions/A/Frameworks/SpeechRecognition.framework/Versions/A/SpeechRecognition
0x0000000008262000 	/usr/lib/libauto.dylib
0x0000000008262000 	/usr/lib/libicucore.A.dylib
0x0000000008262000 	/usr/lib/libxml2.2.dylib
0x0000000008262000 	/System/Library/PrivateFrameworks/CoreUI.framework/Versions/A/CoreUI
0x0000000008262000 	/System/Library/Frameworks/CoreAudio.framework/Versions/A/CoreAudio
0x0000000008262000 	/System/Library/Frameworks/DiskArbitration.framework/Versions/A/DiskArbitration
0x0000000008262000 	/usr/lib/liblangid.dylib
0x0000000008262000 	/System/Library/PrivateFrameworks/MultitouchSupport.framework/Versions/A/MultitouchSupport
0x0000000008262000 	/System/Library/Frameworks/IOKit.framework/Versions/A/IOKit
0x0000000008262000 	/usr/lib/libDiagnosticMessagesClient.dylib
0x0000000008262000 	/System/Library/Frameworks/CoreServices.framework/Versions/A/CoreServices
0x0000000008262000 	/System/Library/PrivateFrameworks/PerformanceAnalysis.framework/Versions/A/PerformanceAnalysis
0x0000000008262000 	/System/Library/PrivateFrameworks/GenerationalStorage.framework/Versions/A/GenerationalStorage
0x0000000008262000 	/System/Library/Frameworks/OpenGL.framework/Versions/A/OpenGL
0x0000000008262000 	/System/Library/PrivateFrameworks/Sharing.framework/Versions/A/Sharing
0x0000000008262000 	/System/Library/Frameworks/CoreGraphics.framework/Versions/A/CoreGraphics
0x0000000008262000 	/System/Library/Frameworks/CoreImage.framework/Versions/A/CoreImage
0x0000000008262000 	/System/Library/Frameworks/CoreText.framework/Versions/A/CoreText
0x0000000008262000 	/System/Library/Frameworks/ImageIO.framework/Versions/A/ImageIO
0x0000000008262000 	/System/Library/PrivateFrameworks/Backup.framework/Versions/A/Backup
0x0000000008262000 	/usr/lib/libextension.dylib
0x0000000008262000 	/usr/lib/libarchive.2.dylib
0x0000000008262000 	/System/Library/Frameworks/CFNetwork.framework/Versions/A/CFNetwork
0x0000000008262000 	/System/Library/Frameworks/SystemConfiguration.framework/Versions/A/SystemConfiguration
0x0000000008262000 	/usr/lib/libCRFSuite.dylib
0x0000000008262000 	/usr/lib/libc++.1.dylib
0x0000000008262000 	/usr/lib/libc++abi.dylib
0x0000000008262000 	/usr/lib/system/libcache.dylib
0x0000000008262000 	/usr/lib/system/libcommonCrypto.dylib
0x0000000008262000 	/usr/lib/system/libcompiler_rt.dylib
0x0000000008262000 	/usr/lib/system/libcopyfile.dylib
0x0000000008262000 	/usr/lib/system/libcorecrypto.dylib
0x0000000008262000 	/usr/lib/system/libdispatch.dylib
0x0000000008262000 	/usr/lib/system/libdyld.dylib
0x0000000008262000 	/usr/lib/system/libkeymgr.dylib
0x0000000008262000 	/usr/lib/system/liblaunch.dylib
0x0000000008262000 	/usr/lib/system/libmacho.dylib
0x0000000008262000 	/usr/lib/system/libquarantine.dylib
0x0000000008262000 	/usr/lib/system/libremovefile.dylib
0x0000000008262000 	/usr/lib/system/libsystem_asl.dylib
0x0000000008262000 	/usr/lib/system/libsystem_blocks.dylib
0x0000000008262000 	/usr/lib/system/libsystem_c.dylib
0x0000000008262000 	/usr/lib/system/libsystem_configuration.dylib
0x0000000008262000 	/usr/lib/system/libsystem_coreservices.dylib
0x0000000008262000 	/usr/lib/system/libsystem_coretls.dylib
0x0000000008262000 	/usr/lib/system/libsystem_dnssd.dylib
0x0000000008262000 	/usr/lib/system/libsystem_info.dylib
0x0000000008262000 	/usr/lib/system/libsystem_kernel.dylib
0x0000000008262000 	/usr/lib/system/libsystem_m.dylib
0x0000000008262000 	/usr/lib/system/libsystem_malloc.dylib
0x0000000008262000 	/usr/lib/system/libsystem_network.dylib
0x0000000008262000 	/usr/lib/system/libsystem_networkextension.dylib
0x0000000008262000 	/usr/lib/system/libsystem_notify.dylib
0x0000000008262000 	/usr/lib/system/libsystem_platform.dylib
0x0000000008262000 	/usr/lib/system/libsystem_pthread.dylib
0x0000000008262000 	/usr/lib/system/libsystem_sandbox.dylib
0x0000000008262000 	/usr/lib/system/libsystem_secinit.dylib
0x0000000008262000 	/usr/lib/system/libsystem_trace.dylib
0x0000000008262000 	/usr/lib/system/libunc.dylib
0x0000000008262000 	/usr/lib/system/libunwind.dylib
0x0000000008262000 	/usr/lib/system/libxpc.dylib
0x0000000008262000 	/usr/lib/libenergytrace.dylib
0x0000000008262000 	/usr/lib/libbsm.0.dylib
0x0000000008262000 	/usr/lib/system/libkxld.dylib
0x0000000008262000 	/usr/lib/libxar.1.dylib
0x0000000008262000 	/usr/lib/libsqlite3.dylib
0x0000000008262000 	/usr/lib/libpam.2.dylib
0x0000000008262000 	/usr/lib/libOpenScriptingUtil.dylib
0x0000000008262000 	/usr/lib/libbz2.1.0.dylib
0x0000000008262000 	/usr/lib/liblzma.5.dylib
0x0000000008262000 	/System/Library/Frameworks/CoreServices.framework/Versions/A/Frameworks/FSEvents.framework/Versions/A/FSEvents
0x0000000008262000 	/System/Library/Frameworks/CoreServices.framework/Versions/A/Frameworks/CarbonCore.framework/Versions/A/CarbonCore
0x0000000008262000 	/System/Library/Frameworks/CoreServices.framework/Versions/A/Frameworks/Metadata.framework/Versions/A/Metadata
0x0000000008262000 	/System/Library/Frameworks/CoreServices.framework/Versions/A/Frameworks/OSServices.framework/Versions/A/OSServices
0x0000000008262000 	/System/Library/Frameworks/CoreServices.framework/Versions/A/Frameworks/SearchKit.framework/Versions/A/SearchKit
0x0000000008262000 	/System/Library/Frameworks/CoreServices.framework/Versions/A/Frameworks/AE.framework/Versions/A/AE
0x0000000008262000 	/System/Library/Frameworks/CoreServices.framework/Versions/A/Frameworks/LaunchServices.framework/Versions/A/LaunchServices
0x0000000008262000 	/System/Library/Frameworks/CoreServices.framework/Versions/A/Frameworks/DictionaryServices.framework/Versions/A/DictionaryServices
0x0000000008262000 	/System/Library/Frameworks/CoreServices.framework/Versions/A/Frameworks/SharedFileList.framework/Versions/A/SharedFileList
0x0000000008262000 	/System/Library/Frameworks/NetFS.framework/Versions/A/NetFS
0x0000000008262000 	/System/Library/PrivateFrameworks/NetAuth.framework/Versions/A/NetAuth
0x0000000008262000 	/System/Library/PrivateFrameworks/login.framework/Versions/A/Frameworks/loginsupport.framework/Versions/A/loginsupport
0x0000000008262000 	/System/Library/PrivateFrameworks/TCC.framework/Versions/A/TCC
0x0000000008262000 	/usr/lib/libmecabra.dylib
0x0000000008262000 	/System/Library/Frameworks/ApplicationServices.framework/Versions/A/Frameworks/ATS.framework/Versions/A/ATS
0x0000000008262000 	/System/Library/Frameworks/ApplicationServices.framework/Versions/A/Frameworks/ColorSync.framework/Versions/A/ColorSync
0x0000000008262000 	/System/Library/Frameworks/ApplicationServices.framework/Versions/A/Frameworks/HIServices.framework/Versions/A/HIServices
0x0000000008262000 	/System/Library/Frameworks/ApplicationServices.framework/Versions/A/Frameworks/LangAnalysis.framework/Versions/A/LangAnalysis
0x0000000008262000 	/System/Library/Frameworks/ApplicationServices.framework/Versions/A/Frameworks/PrintCore.framework/Versions/A/PrintCore
0x0000000008262000 	/System/Library/Frameworks/ApplicationServices.framework/Versions/A/Frameworks/QD.framework/Versions/A/QD
0x0000000008262000 	/System/Library/Frameworks/ApplicationServices.framework/Versions/A/Frameworks/SpeechSynthesis.framework/Versions/A/SpeechSynthesis
0x0000000008262000 	/System/Library/Frameworks/Metal.framework/Versions/A/Metal
0x0000000008262000 	/System/Library/Frameworks/Accelerate.framework/Versions/A/Frameworks/vImage.framework/Versions/A/vImage
0x0000000008262000 	/System/Library/Frameworks/Accelerate.framework/Versions/A/Frameworks/vecLib.framework/Versions/A/vecLib
0x0000000008262000 	/System/Library/Frameworks/Accelerate.framework/Versions/A/Frameworks/vecLib.framework/Versions/A/libvDSP.dylib
0x0000000008262000 	/System/Library/Frameworks/Accelerate.framework/Versions/A/Frameworks/vecLib.framework/Versions/A/libvMisc.dylib
0x0000000008262000 	/System/Library/Frameworks/Accelerate.framework/Versions/A/Frameworks/vecLib.framework/Versions/A/libLAPACK.dylib
0x0000000008262000 	/System/Library/Frameworks/Accelerate.framework/Versions/A/Frameworks/vecLib.framework/Versions/A/libBLAS.dylib
0x0000000008262000 	/System/Library/Frameworks/Accelerate.framework/Versions/A/Frameworks/vecLib.framework/Versions/A/libLinearAlgebra.dylib
0x0000000008262000 	/System/Library/Frameworks/Accelerate.framework/Versions/A/Frameworks/vecLib.framework/Versions/A/libSparseBLAS.dylib
0x0000000008262000 	/System/Library/PrivateFrameworks/GPUCompiler.framework/libmetal_timestamp.dylib
0x0000000008262000 	/System/Library/Frameworks/OpenGL.framework/Versions/A/Libraries/libCoreFSCache.dylib
0x0000000008262000 	/System/Library/PrivateFrameworks/IOAccelerator.framework/Versions/A/IOAccelerator
0x0000000008262000 	/System/Library/Frameworks/ApplicationServices.framework/Versions/A/Frameworks/ATS.framework/Versions/A/Resources/libFontParser.dylib
0x0000000008262000 	/System/Library/Frameworks/ApplicationServices.framework/Versions/A/Frameworks/ATS.framework/Versions/A/Resources/libFontRegistry.dylib
0x0000000008262000 	/System/Library/PrivateFrameworks/AppleVPA.framework/Versions/A/AppleVPA
0x0000000008262000 	/System/Library/PrivateFrameworks/AppleJPEG.framework/Versions/A/AppleJPEG
0x0000000008262000 	/System/Library/Frameworks/ImageIO.framework/Versions/A/Resources/libJPEG.dylib
0x0000000008262000 	/System/Library/Frameworks/ImageIO.framework/Versions/A/Resources/libTIFF.dylib
0x0000000008262000 	/System/Library/Frameworks/ImageIO.framework/Versions/A/Resources/libPng.dylib
0x0000000008262000 	/System/Library/Frameworks/ImageIO.framework/Versions/A/Resources/libGIF.dylib
0x0000000008262000 	/System/Library/Frameworks/ImageIO.framework/Versions/A/Resources/libJP2.dylib
0x0000000008262000 	/System/Library/Frameworks/ImageIO.framework/Versions/A/Resources/libRadiance.dylib
0x0000000008262000 	/System/Library/Frameworks/CoreVideo.framework/Versions/A/CoreVideo
0x0000000008262000 	/System/Library/Frameworks/OpenGL.framework/Versions/A/Libraries/libGLU.dylib
0x0000000008262000 	/System/Library/Frameworks/OpenGL.framework/Versions/A/Libraries/libGFXShared.dylib
0x0000000008262000 	/System/Library/Frameworks/OpenGL.framework/Versions/A/Libraries/libGL.dylib
0x0000000008262000 	/System/Library/Frameworks/OpenGL.framework/Versions/A/Libraries/libGLImage.dylib
0x0000000008262000 	/System/Library/Frameworks/OpenGL.framework/Versions/A/Libraries/libCVMSPluginSupport.dylib
0x0000000008262000 	/System/Library/Frameworks/OpenGL.framework/Versions/A/Libraries/libCoreVMClient.dylib
0x0000000008262000 	/usr/lib/libcompression.dylib
0x0000000008262000 	/usr/lib/libcups.2.dylib
0x0000000008262000 	/System/Library/Frameworks/Kerberos.framework/Versions/A/Kerberos
0x0000000008262000 	/System/Library/Frameworks/GSS.framework/Versions/A/GSS
0x0000000008262000 	/usr/lib/libresolv.9.dylib
0x0000000008262000 	/usr/lib/libiconv.2.dylib
0x0000000008262000 	/System/Library/PrivateFrameworks/Heimdal.framework/Versions/A/Heimdal
0x0000000008262000 	/usr/lib/libheimdal-asn1.dylib
0x0000000008262000 	/System/Library/Frameworks/OpenDirectory.framework/Versions/A/OpenDirectory
0x0000000008262000 	/System/Library/PrivateFrameworks/CommonAuth.framework/Versions/A/CommonAuth
0x0000000008262000 	/System/Library/Frameworks/OpenDirectory.framework/Versions/A/Frameworks/CFOpenDirectory.framework/Versions/A/CFOpenDirectory
0x0000000008262000 	/System/Library/Frameworks/SecurityFoundation.framework/Versions/A/SecurityFoundation
0x0000000008262000 	/System/Library/PrivateFrameworks/LanguageModeling.framework/Versions/A/LanguageModeling
0x0000000008262000 	/usr/lib/libmarisa.dylib
0x0000000008262000 	/usr/lib/libChineseTokenizer.dylib
0x0000000008262000 	/usr/lib/libcmph.dylib
0x0000000008262000 	/System/Library/Frameworks/ServiceManagement.framework/Versions/A/ServiceManagement
0x0000000008262000 	/usr/lib/libxslt.1.dylib
0x0000000008262000 	/System/Library/Frameworks/Carbon.framework/Versions/A/Frameworks/Ink.framework/Versions/A/Ink
0x0000000008262000 	/usr/lib/libFosl_dynamic.dylib
0x0000000008262000 	/System/Library/PrivateFrameworks/FaceCore.framework/Versions/A/FaceCore
0x0000000008262000 	/System/Library/Frameworks/OpenCL.framework/Versions/A/OpenCL
0x0000000008262000 	/System/Library/PrivateFrameworks/CrashReporterSupport.framework/Versions/A/CrashReporterSupport
0x0000000008262000 	/System/Library/PrivateFrameworks/IconServices.framework/Versions/A/IconServices
0x0000000008262000 	/System/Library/PrivateFrameworks/Apple80211.framework/Versions/A/Apple80211
0x0000000008262000 	/System/Library/Frameworks/CoreWLAN.framework/Versions/A/CoreWLAN
0x0000000008262000 	/System/Library/Frameworks/IOBluetooth.framework/Versions/A/IOBluetooth
0x0000000008262000 	/System/Library/PrivateFrameworks/CoreWiFi.framework/Versions/A/CoreWiFi
0x0000000008262000 	/System/Library/Frameworks/CoreBluetooth.framework/Versions/A/CoreBluetooth
0x0000000008262000 	/System/Library/PrivateFrameworks/ChunkingLibrary.framework/Versions/A/ChunkingLibrary
0x0000000008262000 	/System/Library/PrivateFrameworks/DebugSymbols.framework/Versions/A/DebugSymbols
0x0000000008262000 	/System/Library/PrivateFrameworks/CoreSymbolication.framework/Versions/A/CoreSymbolication
0x0000000008262000 	/System/Library/PrivateFrameworks/Symbolication.framework/Versions/A/Symbolication
0x0000000008262000 	/System/Library/PrivateFrameworks/SpeechRecognitionCore.framework/Versions/A/SpeechRecognitionCore
0x0000000101e00000 	/Library/Java/JavaVirtualMachines/jdk1.8.0_25.jdk/Contents/Home/jre/lib/server/libjvm.dylib
0x0000000008262000 	/usr/lib/libstdc++.6.dylib
0x0000000101406000 	/Library/Java/JavaVirtualMachines/jdk1.8.0_25.jdk/Contents/Home/jre/lib/libverify.dylib
0x0000000101414000 	/Library/Java/JavaVirtualMachines/jdk1.8.0_25.jdk/Contents/Home/jre/lib/libjava.dylib
0x0000000101449000 	/Library/Java/JavaVirtualMachines/jdk1.8.0_25.jdk/Contents/Home/jre/lib/libjdwp.dylib
0x0000000101494000 	/Library/Java/JavaVirtualMachines/jdk1.8.0_25.jdk/Contents/Home/jre/lib/libnpt.dylib
0x00000001014a1000 	/Library/Java/JavaVirtualMachines/jdk1.8.0_25.jdk/Contents/Home/jre/lib/libzip.dylib
0x000000011853a000 	/System/Library/Frameworks/JavaVM.framework/Frameworks/JavaRuntimeSupport.framework/JavaRuntimeSupport
0x0000000118555000 	/System/Library/Frameworks/JavaVM.framework/Versions/A/Frameworks/JavaNativeFoundation.framework/Versions/A/JavaNativeFoundation
0x00000001015ec000 	/System/Library/Frameworks/JavaVM.framework/Versions/A/JavaVM
0x0000000008262000 	/System/Library/Frameworks/Carbon.framework/Versions/A/Carbon
0x000000011856a000 	/System/Library/PrivateFrameworks/JavaLaunching.framework/Versions/A/JavaLaunching
0x0000000008262000 	/System/Library/Frameworks/Carbon.framework/Versions/A/Frameworks/CommonPanels.framework/Versions/A/CommonPanels
0x0000000008262000 	/System/Library/Frameworks/Carbon.framework/Versions/A/Frameworks/Help.framework/Versions/A/Help
0x0000000008262000 	/System/Library/Frameworks/Carbon.framework/Versions/A/Frameworks/ImageCapture.framework/Versions/A/ImageCapture
0x0000000008262000 	/System/Library/Frameworks/Carbon.framework/Versions/A/Frameworks/OpenScripting.framework/Versions/A/OpenScripting
0x0000000008262000 	/System/Library/Frameworks/Carbon.framework/Versions/A/Frameworks/Print.framework/Versions/A/Print
0x0000000008262000 	/System/Library/Frameworks/Carbon.framework/Versions/A/Frameworks/SecurityHI.framework/Versions/A/SecurityHI
0x0000000119e89000 	/Library/Java/JavaVirtualMachines/jdk1.8.0_25.jdk/Contents/Home/jre/lib/libdt_socket.dylib
0x0000000119fbd000 	/Library/Java/JavaVirtualMachines/jdk1.8.0_25.jdk/Contents/Home/jre/lib/libsunec.dylib
0x000000011a16c000 	/Library/Java/JavaVirtualMachines/jdk1.8.0_25.jdk/Contents/Home/jre/lib/libnet.dylib

VM Arguments:
jvm_args: -agentlib:jdwp=transport=dt_socket,address=127.0.0.1:50349,suspend=y,server=n -Dfile.encoding=UTF-8 
java_command: TextAnalysis
java_class_path (initial): /Library/Java/JavaVirtualMachines/jdk1.8.0_25.jdk/Contents/Home/jre/lib/charsets.jar:/Library/Java/JavaVirtualMachines/jdk1.8.0_25.jdk/Contents/Home/jre/lib/deploy.jar:/Library/Java/JavaVirtualMachines/jdk1.8.0_25.jdk/Contents/Home/jre/lib/ext/cldrdata.jar:/Library/Java/JavaVirtualMachines/jdk1.8.0_25.jdk/Contents/Home/jre/lib/ext/dnsns.jar:/Library/Java/JavaVirtualMachines/jdk1.8.0_25.jdk/Contents/Home/jre/lib/ext/jfxrt.jar:/Library/Java/JavaVirtualMachines/jdk1.8.0_25.jdk/Contents/Home/jre/lib/ext/localedata.jar:/Library/Java/JavaVirtualMachines/jdk1.8.0_25.jdk/Contents/Home/jre/lib/ext/nashorn.jar:/Library/Java/JavaVirtualMachines/jdk1.8.0_25.jdk/Contents/Home/jre/lib/ext/sunec.jar:/Library/Java/JavaVirtualMachines/jdk1.8.0_25.jdk/Contents/Home/jre/lib/ext/sunjce_provider.jar:/Library/Java/JavaVirtualMachines/jdk1.8.0_25.jdk/Contents/Home/jre/lib/ext/sunpkcs11.jar:/Library/Java/JavaVirtualMachines/jdk1.8.0_25.jdk/Contents/Home/jre/lib/ext/zipfs.jar:/Library/Java/JavaVirtualMachines/jdk1.8.0_25.jdk/Contents/Home/jre/lib/javaws.jar:/Library/Java/JavaVirtualMachines/jdk1.8.0_25.jdk/Contents/Home/jre/lib/jce.jar:/Library/Java/JavaVirtualMachines/jdk1.8.0_25.jdk/Contents/Home/jre/lib/jfr.jar:/Library/Java/JavaVirtualMachines/jdk1.8.0_25.jdk/Contents/Home/jre/lib/jfxswt.jar:/Library/Java/JavaVirtualMachines/jdk1.8.0_25.jdk/Contents/Home/jre/lib/jsse.jar:/Library/Java/JavaVirtualMachines/jdk1.8.0_25.jdk/Contents/Home/jre/lib/management-agent.jar:/Library/Java/JavaVirtualMachines/jdk1.8.0_25.jdk/Contents/Home/jre/lib/plugin.jar:/Library/Java/JavaVirtualMachines/jdk1.8.0_25.jdk/Contents/Home/jre/lib/resources.jar:/Library/Java/JavaVirtualMachines/jdk1.8.0_25.jdk/Contents/Home/jre/lib/rt.jar:/Library/Java/JavaVirtualMachines/jdk1.8.0_25.jdk/Contents/Home/lib/ant-javafx.jar:/Library/Java/JavaVirtualMachines/jdk1.8.0_25.jdk/Contents/Home/lib/dt.jar:/Library/Java/JavaVirtualMachines/jdk1.8.0_25.jdk/Contents/Home/lib/javafx-mx.jar:/Library/Java/Jav
Launcher Type: SUN_STANDARD

Environment Variables:
PATH=/Users/shaheensharifian/.dnx/runtimes/dnx-mono.1.0.0-beta7/bin:/Users/shaheensharifian/.dnx/bin:/Users/shaheensharifian/.rvm/gems/ruby-2.0.0-p598/bin:/Users/shaheensharifian/.rvm/gems/ruby-2.0.0-p598@global/bin:/Users/shaheensharifian/.rvm/rubies/ruby-2.0.0-p598/bin:/usr/local/bin:/usr/bin:/bin:/usr/sbin:/sbin:/opt/X11/bin:/Users/shaheensharifian/.rvm/bin
SHELL=/bin/bash
DISPLAY=/private/tmp/com.apple.launchd.WGc76qqqxD/org.macosforge.xquartz:0

Signal Handlers:
SIGSEGV: [libjvm.dylib+0x579dc7], sa_mask[0]=11111111011111110111111111111111, sa_flags=SA_ONSTACK|SA_RESTART|SA_SIGINFO
SIGBUS: [libjvm.dylib+0x579dc7], sa_mask[0]=11111111011111110111111111111111, sa_flags=SA_RESTART|SA_SIGINFO
SIGFPE: [libjvm.dylib+0x45b030], sa_mask[0]=11111111011111110111111111111111, sa_flags=SA_RESTART|SA_SIGINFO
SIGPIPE: [libjvm.dylib+0x45b030], sa_mask[0]=11111111011111110111111111111111, sa_flags=SA_RESTART|SA_SIGINFO
SIGXFSZ: [libjvm.dylib+0x45b030], sa_mask[0]=11111111011111110111111111111111, sa_flags=SA_RESTART|SA_SIGINFO
SIGILL: [libjvm.dylib+0x45b030], sa_mask[0]=11111111011111110111111111111111, sa_flags=SA_RESTART|SA_SIGINFO
SIGUSR1: SIG_DFL, sa_mask[0]=00000000000000000000000000000000, sa_flags=none
SIGUSR2: [libjvm.dylib+0x45ab4e], sa_mask[0]=00100000000000000000000000000000, sa_flags=SA_RESTART|SA_SIGINFO
SIGHUP: [libjvm.dylib+0x459121], sa_mask[0]=11111111011111110111111111111111, sa_flags=SA_RESTART|SA_SIGINFO
SIGINT: [libjvm.dylib+0x459121], sa_mask[0]=11111111011111110111111111111111, sa_flags=SA_RESTART|SA_SIGINFO
SIGTERM: [libjvm.dylib+0x459121], sa_mask[0]=11111111011111110111111111111111, sa_flags=SA_RESTART|SA_SIGINFO
SIGQUIT: [libjvm.dylib+0x459121], sa_mask[0]=11111111011111110111111111111111, sa_flags=SA_RESTART|SA_SIGINFO


---------------  S Y S T E M  ---------------

OS:Bsduname:Darwin 15.6.0 Darwin Kernel Version 15.6.0: Mon Aug 29 20:21:34 PDT 2016; root:xnu-3248.60.11~1/RELEASE_X86_64 x86_64
rlimit: STACK 8192k, CORE 0k, NPROC 709, NOFILE 10240, AS infinity
load average:11.00 10.72 10.72

CPU:total 4 (2 cores per cpu, 2 threads per core) family 6 model 69 stepping 1, cmov, cx8, fxsr, mmx, sse, sse2, sse3, ssse3, sse4.1, sse4.2, popcnt, avx, avx2, aes, clmul, erms, lzcnt, ht, tsc, tscinvbit, bmi1, bmi2

Memory: 4k page, physical 8388608k(173824k free)

/proc/meminfo:


vm_info: Java HotSpot(TM) 64-Bit Server VM (25.25-b02) for bsd-amd64 JRE (1.8.0_25-b17), built on Sep 17 2014 16:56:50 by "java_re" with gcc 4.2.1 (Based on Apple Inc. build 5658) (LLVM build 2336.11.00)

time: Sun Jan 15 00:39:48 2017
elapsed time: 3967 seconds (0d 1h 6m 7s)

